<?xml version="1.0" encoding="UTF-8"?>
<!-- Generated by org.testng.reporters.JUnitReportReporter -->
<testsuite hostname="INL1YV7QDF" failures="0" tests="3" name="Framework.Tests.SubmitOrderTest" time="79.661" errors="0" timestamp="2024-07-07T09:04:52 IST" skipped="0">
  <testcase classname="Framework.Tests.SubmitOrderTest" name="submitOrder" time="34.438"/>
  <testcase classname="Framework.Tests.SubmitOrderTest" name="submitOrder" time="34.318"/>
  <testcase classname="Framework.Tests.SubmitOrderTest" name="OrderHistoryTest" time="10.905"/>
</testsuite> <!-- Framework.Tests.SubmitOrderTest -->
