<?xml version="1.0" encoding="UTF-8"?>
<!-- Generated by org.testng.reporters.JUnitReportReporter -->
<testsuite hostname="INL1YV7QDF" failures="0" tests="3" name="Framework.Tests.SubmitOrderTest" time="62.563" errors="0" timestamp="2024-07-09T06:44:48 IST" skipped="0">
  <testcase classname="Framework.Tests.SubmitOrderTest" name="submitOrder" time="18.778"/>
  <testcase classname="Framework.Tests.SubmitOrderTest" name="submitOrder" time="38.153"/>
  <testcase classname="Framework.Tests.SubmitOrderTest" name="OrderHistoryTest" time="5.632"/>
</testsuite> <!-- Framework.Tests.SubmitOrderTest -->
